{"/Users/phoebebrenne/Documents/ASTON/PROJET/PROJET3/DoItForMeBackEnd/src/dataSource.ts": {"path":"/Users/phoebebrenne/Documents/ASTON/PROJET/PROJET3/DoItForMeBackEnd/src/dataSource.ts","statementMap":{"0":{"start":{"line":1,"column":0},"end":{"line":1,"column":37}},"1":{"start":{"line":2,"column":0},"end":{"line":2,"column":33}},"2":{"start":{"line":4,"column":0},"end":{"line":4,"column":null}},"3":{"start":{"line":5,"column":0},"end":{"line":5,"column":34}},"4":{"start":{"line":7,"column":13},"end":{"line":17,"column":5}}},"fnMap":{},"branchMap":{"0":{"loc":{"start":{"line":9,"column":10},"end":{"line":9,"column":44}},"type":"cond-expr","locations":[{"start":{"line":9,"column":29},"end":{"line":9,"column":33}},{"start":{"line":9,"column":33},"end":{"line":9,"column":44}}]},"1":{"loc":{"start":{"line":9,"column":10},"end":{"line":9,"column":33}},"type":"binary-expr","locations":[{"start":{"line":9,"column":10},"end":{"line":9,"column":33}},{"start":{"line":9,"column":29},"end":{"line":9,"column":33}}]},"2":{"loc":{"start":{"line":10,"column":19},"end":{"line":10,"column":48}},"type":"cond-expr","locations":[{"start":{"line":10,"column":38},"end":{"line":10,"column":42}},{"start":{"line":10,"column":42},"end":{"line":10,"column":48}}]},"3":{"loc":{"start":{"line":10,"column":19},"end":{"line":10,"column":42}},"type":"binary-expr","locations":[{"start":{"line":10,"column":19},"end":{"line":10,"column":42}},{"start":{"line":10,"column":38},"end":{"line":10,"column":42}}]}},"s":{"0":1,"1":1,"2":1,"3":1,"4":1},"f":{},"b":{"0":[1,0],"1":[1,1],"2":[1,0],"3":[1,1]}}
,"/Users/phoebebrenne/Documents/ASTON/PROJET/PROJET3/DoItForMeBackEnd/src/middleware/token.middleware.ts": {"path":"/Users/phoebebrenne/Documents/ASTON/PROJET/PROJET3/DoItForMeBackEnd/src/middleware/token.middleware.ts","statementMap":{"0":{"start":{"line":4,"column":0},"end":{"line":4,"column":56}},"1":{"start":{"line":19,"column":25},"end":{"line":23,"column":6}},"2":{"start":{"line":19,"column":46},"end":{"line":23,"column":6}},"3":{"start":{"line":26,"column":23},"end":{"line":26,"column":52}},"4":{"start":{"line":27,"column":4},"end":{"line":27,"column":null}},"5":{"start":{"line":29,"column":4},"end":{"line":32,"column":null}},"6":{"start":{"line":30,"column":8},"end":{"line":30,"column":51}},"7":{"start":{"line":31,"column":8},"end":{"line":31,"column":15}},"8":{"start":{"line":34,"column":40},"end":{"line":34,"column":94}},"9":{"start":{"line":36,"column":4},"end":{"line":39,"column":null}},"10":{"start":{"line":37,"column":8},"end":{"line":37,"column":106}},"11":{"start":{"line":38,"column":8},"end":{"line":38,"column":15}},"12":{"start":{"line":41,"column":41},"end":{"line":41,"column":86}},"13":{"start":{"line":43,"column":4},"end":{"line":46,"column":null}},"14":{"start":{"line":44,"column":8},"end":{"line":44,"column":98}},"15":{"start":{"line":45,"column":8},"end":{"line":45,"column":15}},"16":{"start":{"line":50,"column":4},"end":{"line":60,"column":null}},"17":{"start":{"line":51,"column":43},"end":{"line":51,"column":113}},"18":{"start":{"line":52,"column":8},"end":{"line":56,"column":10}},"19":{"start":{"line":57,"column":8},"end":{"line":57,"column":51}},"20":{"start":{"line":59,"column":8},"end":{"line":59,"column":41}},"21":{"start":{"line":63,"column":4},"end":{"line":66,"column":6}},"22":{"start":{"line":69,"column":4},"end":{"line":69,"column":11}},"23":{"start":{"line":13,"column":4},"end":{"line":13,"column":20}},"24":{"start":{"line":80,"column":34},"end":{"line":80,"column":68}},"25":{"start":{"line":81,"column":28},"end":{"line":81,"column":38}},"26":{"start":{"line":82,"column":31},"end":{"line":82,"column":79}},"27":{"start":{"line":83,"column":29},"end":{"line":83,"column":56}},"28":{"start":{"line":84,"column":17},"end":{"line":87,"column":null}},"29":{"start":{"line":90,"column":4},"end":{"line":94,"column":6}},"30":{"start":{"line":79,"column":0},"end":{"line":79,"column":16}},"31":{"start":{"line":98,"column":34},"end":{"line":98,"column":68}},"32":{"start":{"line":101,"column":4},"end":{"line":125,"column":null}},"33":{"start":{"line":102,"column":8},"end":{"line":102,"column":66}},"34":{"start":{"line":104,"column":25},"end":{"line":104,"column":27}},"35":{"start":{"line":105,"column":8},"end":{"line":105,"column":null}},"36":{"start":{"line":107,"column":8},"end":{"line":111,"column":null}},"37":{"start":{"line":108,"column":12},"end":{"line":110,"column":14}},"38":{"start":{"line":113,"column":8},"end":{"line":117,"column":null}},"39":{"start":{"line":114,"column":12},"end":{"line":116,"column":14}},"40":{"start":{"line":119,"column":8},"end":{"line":123,"column":null}},"41":{"start":{"line":120,"column":12},"end":{"line":122,"column":14}},"42":{"start":{"line":124,"column":8},"end":{"line":124,"column":16}},"43":{"start":{"line":127,"column":4},"end":{"line":130,"column":null}},"44":{"start":{"line":97,"column":0},"end":{"line":97,"column":16}},"45":{"start":{"line":134,"column":16},"end":{"line":134,"column":26}},"46":{"start":{"line":136,"column":4},"end":{"line":136,"column":45}},"47":{"start":{"line":136,"column":29},"end":{"line":136,"column":45}},"48":{"start":{"line":137,"column":37},"end":{"line":137,"column":71}},"49":{"start":{"line":138,"column":28},"end":{"line":138,"column":69}},"50":{"start":{"line":140,"column":4},"end":{"line":140,"column":46}},"51":{"start":{"line":140,"column":31},"end":{"line":140,"column":46}},"52":{"start":{"line":142,"column":4},"end":{"line":142,"column":21}},"53":{"start":{"line":133,"column":0},"end":{"line":133,"column":16}}},"fnMap":{"0":{"name":"securityJWTMiddleware","decl":{"start":{"line":13,"column":20},"end":{"line":13,"column":41}},"loc":{"start":{"line":13,"column":98},"end":{"line":70,"column":1}}},"1":{"name":"(anonymous_1)","decl":{"start":{"line":19,"column":25},"end":{"line":19,"column":26}},"loc":{"start":{"line":19,"column":46},"end":{"line":23,"column":6}}},"2":{"name":"encodeSession","decl":{"start":{"line":79,"column":16},"end":{"line":79,"column":29}},"loc":{"start":{"line":79,"column":79},"end":{"line":95,"column":1}}},"3":{"name":"decodeSession","decl":{"start":{"line":97,"column":16},"end":{"line":97,"column":29}},"loc":{"start":{"line":97,"column":68},"end":{"line":131,"column":1}}},"4":{"name":"checkExpirationStatus","decl":{"start":{"line":133,"column":16},"end":{"line":133,"column":37}},"loc":{"start":{"line":133,"column":52},"end":{"line":143,"column":1}}}},"branchMap":{"0":{"loc":{"start":{"line":29,"column":4},"end":{"line":32,"column":null}},"type":"if","locations":[{"start":{"line":29,"column":4},"end":{"line":32,"column":null}}]},"1":{"loc":{"start":{"line":36,"column":4},"end":{"line":39,"column":null}},"type":"if","locations":[{"start":{"line":36,"column":4},"end":{"line":39,"column":null}}]},"2":{"loc":{"start":{"line":36,"column":8},"end":{"line":36,"column":92}},"type":"binary-expr","locations":[{"start":{"line":36,"column":8},"end":{"line":36,"column":49}},{"start":{"line":36,"column":53},"end":{"line":36,"column":92}}]},"3":{"loc":{"start":{"line":43,"column":4},"end":{"line":46,"column":null}},"type":"if","locations":[{"start":{"line":43,"column":4},"end":{"line":46,"column":null}}]},"4":{"loc":{"start":{"line":50,"column":4},"end":{"line":60,"column":null}},"type":"if","locations":[{"start":{"line":50,"column":4},"end":{"line":60,"column":null}},{"start":{"line":58,"column":11},"end":{"line":60,"column":null}}]},"5":{"loc":{"start":{"line":107,"column":8},"end":{"line":111,"column":null}},"type":"if","locations":[{"start":{"line":107,"column":8},"end":{"line":111,"column":null}}]},"6":{"loc":{"start":{"line":107,"column":12},"end":{"line":107,"column":96}},"type":"binary-expr","locations":[{"start":{"line":107,"column":12},"end":{"line":107,"column":45}},{"start":{"line":107,"column":49},"end":{"line":107,"column":96}}]},"7":{"loc":{"start":{"line":113,"column":8},"end":{"line":117,"column":null}},"type":"if","locations":[{"start":{"line":113,"column":8},"end":{"line":117,"column":null}}]},"8":{"loc":{"start":{"line":113,"column":12},"end":{"line":113,"column":100}},"type":"binary-expr","locations":[{"start":{"line":113,"column":12},"end":{"line":113,"column":57}},{"start":{"line":113,"column":61},"end":{"line":113,"column":100}}]},"9":{"loc":{"start":{"line":119,"column":8},"end":{"line":123,"column":null}},"type":"if","locations":[{"start":{"line":119,"column":8},"end":{"line":123,"column":null}}]},"10":{"loc":{"start":{"line":136,"column":4},"end":{"line":136,"column":45}},"type":"if","locations":[{"start":{"line":136,"column":4},"end":{"line":136,"column":45}}]},"11":{"loc":{"start":{"line":140,"column":4},"end":{"line":140,"column":46}},"type":"if","locations":[{"start":{"line":140,"column":4},"end":{"line":140,"column":46}}]}},"s":{"0":1,"1":0,"2":0,"3":0,"4":0,"5":0,"6":0,"7":0,"8":0,"9":0,"10":0,"11":0,"12":0,"13":0,"14":0,"15":0,"16":0,"17":0,"18":0,"19":0,"20":0,"21":0,"22":0,"23":1,"24":0,"25":0,"26":0,"27":0,"28":0,"29":0,"30":1,"31":0,"32":0,"33":0,"34":0,"35":0,"36":0,"37":0,"38":0,"39":0,"40":0,"41":0,"42":0,"43":0,"44":1,"45":0,"46":0,"47":0,"48":0,"49":0,"50":0,"51":0,"52":0,"53":1},"f":{"0":0,"1":0,"2":0,"3":0,"4":0},"b":{"0":[0],"1":[0],"2":[0,0],"3":[0],"4":[0,0],"5":[0],"6":[0,0],"7":[0],"8":[0,0],"9":[0],"10":[0],"11":[0]}}
,"/Users/phoebebrenne/Documents/ASTON/PROJET/PROJET3/DoItForMeBackEnd/src/models/address.model.ts": {"path":"/Users/phoebebrenne/Documents/ASTON/PROJET/PROJET3/DoItForMeBackEnd/src/models/address.model.ts","statementMap":{"0":{"start":{"line":1,"column":0},"end":{"line":1,"column":97}},"1":{"start":{"line":2,"column":0},"end":{"line":2,"column":42}},"2":{"start":{"line":3,"column":0},"end":{"line":3,"column":36}},"3":{"start":{"line":6,"column":7},"end":{"line":41,"column":null}},"4":{"start":{"line":7,"column":4},"end":{"line":8,"column":null}},"5":{"start":{"line":10,"column":4},"end":{"line":11,"column":null}},"6":{"start":{"line":13,"column":4},"end":{"line":14,"column":null}},"7":{"start":{"line":16,"column":4},"end":{"line":17,"column":null}},"8":{"start":{"line":19,"column":1},"end":{"line":20,"column":null}},"9":{"start":{"line":22,"column":1},"end":{"line":23,"column":null}},"10":{"start":{"line":25,"column":1},"end":{"line":26,"column":null}},"11":{"start":{"line":28,"column":4},"end":{"line":29,"column":null}},"12":{"start":{"line":31,"column":4},"end":{"line":33,"column":null}},"13":{"start":{"line":31,"column":21},"end":{"line":31,"column":25}},"14":{"start":{"line":31,"column":37},"end":{"line":31,"column":49}},"15":{"start":{"line":35,"column":4},"end":{"line":36,"column":null}},"16":{"start":{"line":38,"column":4},"end":{"line":40,"column":null}},"17":{"start":{"line":38,"column":20},"end":{"line":38,"column":27}},"18":{"start":{"line":38,"column":42},"end":{"line":38,"column":57}},"19":{"start":{"line":6,"column":13},"end":{"line":41,"column":null}},"20":{"start":{"line":6,"column":13},"end":{"line":6,"column":20}}},"fnMap":{"0":{"name":"(anonymous_2)","decl":{"start":{"line":31,"column":15},"end":{"line":31,"column":18}},"loc":{"start":{"line":31,"column":21},"end":{"line":31,"column":25}}},"1":{"name":"(anonymous_3)","decl":{"start":{"line":31,"column":27},"end":{"line":31,"column":28}},"loc":{"start":{"line":31,"column":37},"end":{"line":31,"column":49}}},"2":{"name":"(anonymous_4)","decl":{"start":{"line":38,"column":14},"end":{"line":38,"column":17}},"loc":{"start":{"line":38,"column":20},"end":{"line":38,"column":27}}},"3":{"name":"(anonymous_5)","decl":{"start":{"line":38,"column":29},"end":{"line":38,"column":30}},"loc":{"start":{"line":38,"column":42},"end":{"line":38,"column":57}}}},"branchMap":{},"s":{"0":1,"1":1,"2":1,"3":1,"4":1,"5":1,"6":1,"7":1,"8":1,"9":1,"10":1,"11":1,"12":1,"13":0,"14":0,"15":1,"16":1,"17":0,"18":0,"19":1,"20":1},"f":{"0":0,"1":0,"2":0,"3":0},"b":{}}
,"/Users/phoebebrenne/Documents/ASTON/PROJET/PROJET3/DoItForMeBackEnd/src/models/mission.model.ts": {"path":"/Users/phoebebrenne/Documents/ASTON/PROJET/PROJET3/DoItForMeBackEnd/src/models/mission.model.ts","statementMap":{"0":{"start":{"line":1,"column":0},"end":{"line":1,"column":115}},"1":{"start":{"line":2,"column":0},"end":{"line":2,"column":42}},"2":{"start":{"line":3,"column":0},"end":{"line":3,"column":36}},"3":{"start":{"line":6,"column":7},"end":{"line":44,"column":null}},"4":{"start":{"line":7,"column":4},"end":{"line":8,"column":null}},"5":{"start":{"line":10,"column":4},"end":{"line":11,"column":null}},"6":{"start":{"line":13,"column":4},"end":{"line":14,"column":null}},"7":{"start":{"line":16,"column":4},"end":{"line":17,"column":null}},"8":{"start":{"line":19,"column":1},"end":{"line":20,"column":null}},"9":{"start":{"line":22,"column":1},"end":{"line":23,"column":null}},"10":{"start":{"line":25,"column":1},"end":{"line":26,"column":null}},"11":{"start":{"line":28,"column":1},"end":{"line":29,"column":null}},"12":{"start":{"line":31,"column":1},"end":{"line":32,"column":null}},"13":{"start":{"line":34,"column":4},"end":{"line":36,"column":null}},"14":{"start":{"line":34,"column":21},"end":{"line":34,"column":25}},"15":{"start":{"line":34,"column":37},"end":{"line":34,"column":56}},"16":{"start":{"line":38,"column":4},"end":{"line":40,"column":null}},"17":{"start":{"line":38,"column":21},"end":{"line":38,"column":25}},"18":{"start":{"line":38,"column":37},"end":{"line":38,"column":53}},"19":{"start":{"line":42,"column":4},"end":{"line":43,"column":null}},"20":{"start":{"line":42,"column":20},"end":{"line":42,"column":27}},"21":{"start":{"line":42,"column":42},"end":{"line":42,"column":57}},"22":{"start":{"line":6,"column":13},"end":{"line":44,"column":null}},"23":{"start":{"line":6,"column":13},"end":{"line":6,"column":20}}},"fnMap":{"0":{"name":"(anonymous_2)","decl":{"start":{"line":34,"column":15},"end":{"line":34,"column":18}},"loc":{"start":{"line":34,"column":21},"end":{"line":34,"column":25}}},"1":{"name":"(anonymous_3)","decl":{"start":{"line":34,"column":27},"end":{"line":34,"column":28}},"loc":{"start":{"line":34,"column":37},"end":{"line":34,"column":56}}},"2":{"name":"(anonymous_4)","decl":{"start":{"line":38,"column":15},"end":{"line":38,"column":18}},"loc":{"start":{"line":38,"column":21},"end":{"line":38,"column":25}}},"3":{"name":"(anonymous_5)","decl":{"start":{"line":38,"column":27},"end":{"line":38,"column":28}},"loc":{"start":{"line":38,"column":37},"end":{"line":38,"column":53}}},"4":{"name":"(anonymous_6)","decl":{"start":{"line":42,"column":14},"end":{"line":42,"column":17}},"loc":{"start":{"line":42,"column":20},"end":{"line":42,"column":27}}},"5":{"name":"(anonymous_7)","decl":{"start":{"line":42,"column":29},"end":{"line":42,"column":30}},"loc":{"start":{"line":42,"column":42},"end":{"line":42,"column":57}}}},"branchMap":{},"s":{"0":1,"1":1,"2":1,"3":1,"4":1,"5":1,"6":1,"7":1,"8":1,"9":1,"10":1,"11":1,"12":1,"13":1,"14":0,"15":0,"16":1,"17":0,"18":0,"19":1,"20":0,"21":0,"22":1,"23":1},"f":{"0":0,"1":0,"2":0,"3":0,"4":0,"5":0},"b":{}}
,"/Users/phoebebrenne/Documents/ASTON/PROJET/PROJET3/DoItForMeBackEnd/src/models/user.model.ts": {"path":"/Users/phoebebrenne/Documents/ASTON/PROJET/PROJET3/DoItForMeBackEnd/src/models/user.model.ts","statementMap":{"0":{"start":{"line":1,"column":0},"end":{"line":1,"column":75}},"1":{"start":{"line":2,"column":0},"end":{"line":2,"column":42}},"2":{"start":{"line":3,"column":0},"end":{"line":3,"column":42}},"3":{"start":{"line":6,"column":7},"end":{"line":42,"column":null}},"4":{"start":{"line":7,"column":4},"end":{"line":8,"column":null}},"5":{"start":{"line":10,"column":4},"end":{"line":11,"column":null}},"6":{"start":{"line":13,"column":4},"end":{"line":14,"column":null}},"7":{"start":{"line":16,"column":4},"end":{"line":17,"column":null}},"8":{"start":{"line":19,"column":4},"end":{"line":20,"column":null}},"9":{"start":{"line":22,"column":4},"end":{"line":23,"column":null}},"10":{"start":{"line":25,"column":4},"end":{"line":26,"column":null}},"11":{"start":{"line":28,"column":4},"end":{"line":29,"column":null}},"12":{"start":{"line":31,"column":4},"end":{"line":32,"column":null}},"13":{"start":{"line":34,"column":4},"end":{"line":35,"column":null}},"14":{"start":{"line":34,"column":21},"end":{"line":34,"column":28}},"15":{"start":{"line":34,"column":43},"end":{"line":34,"column":58}},"16":{"start":{"line":37,"column":4},"end":{"line":38,"column":null}},"17":{"start":{"line":37,"column":21},"end":{"line":37,"column":28}},"18":{"start":{"line":37,"column":43},"end":{"line":37,"column":56}},"19":{"start":{"line":40,"column":4},"end":{"line":41,"column":null}},"20":{"start":{"line":40,"column":21},"end":{"line":40,"column":28}},"21":{"start":{"line":40,"column":43},"end":{"line":40,"column":55}},"22":{"start":{"line":6,"column":13},"end":{"line":42,"column":null}},"23":{"start":{"line":6,"column":13},"end":{"line":6,"column":17}}},"fnMap":{"0":{"name":"(anonymous_2)","decl":{"start":{"line":34,"column":15},"end":{"line":34,"column":18}},"loc":{"start":{"line":34,"column":21},"end":{"line":34,"column":28}}},"1":{"name":"(anonymous_3)","decl":{"start":{"line":34,"column":30},"end":{"line":34,"column":31}},"loc":{"start":{"line":34,"column":43},"end":{"line":34,"column":58}}},"2":{"name":"(anonymous_4)","decl":{"start":{"line":37,"column":15},"end":{"line":37,"column":18}},"loc":{"start":{"line":37,"column":21},"end":{"line":37,"column":28}}},"3":{"name":"(anonymous_5)","decl":{"start":{"line":37,"column":30},"end":{"line":37,"column":31}},"loc":{"start":{"line":37,"column":43},"end":{"line":37,"column":56}}},"4":{"name":"(anonymous_6)","decl":{"start":{"line":40,"column":15},"end":{"line":40,"column":18}},"loc":{"start":{"line":40,"column":21},"end":{"line":40,"column":28}}},"5":{"name":"(anonymous_7)","decl":{"start":{"line":40,"column":30},"end":{"line":40,"column":31}},"loc":{"start":{"line":40,"column":43},"end":{"line":40,"column":55}}}},"branchMap":{},"s":{"0":1,"1":1,"2":1,"3":1,"4":1,"5":1,"6":1,"7":1,"8":1,"9":1,"10":1,"11":1,"12":1,"13":1,"14":0,"15":0,"16":1,"17":0,"18":0,"19":1,"20":0,"21":0,"22":1,"23":1},"f":{"0":0,"1":0,"2":0,"3":0,"4":0,"5":0},"b":{}}
,"/Users/phoebebrenne/Documents/ASTON/PROJET/PROJET3/DoItForMeBackEnd/src/repository/user.repository.ts": {"path":"/Users/phoebebrenne/Documents/ASTON/PROJET/PROJET3/DoItForMeBackEnd/src/repository/user.repository.ts","statementMap":{"0":{"start":{"line":1,"column":0},"end":{"line":1,"column":43}},"1":{"start":{"line":2,"column":0},"end":{"line":2,"column":44}},"2":{"start":{"line":5,"column":13},"end":{"line":13,"column":3}},"3":{"start":{"line":7,"column":8},"end":{"line":10,"column":23}}},"fnMap":{"0":{"name":"(anonymous_0)","decl":{"start":{"line":6,"column":4},"end":{"line":6,"column":17}},"loc":{"start":{"line":6,"column":53},"end":{"line":11,"column":5}}}},"branchMap":{},"s":{"0":1,"1":1,"2":1,"3":0},"f":{"0":0},"b":{}}
,"/Users/phoebebrenne/Documents/ASTON/PROJET/PROJET3/DoItForMeBackEnd/src/services/authentication.service.ts": {"path":"/Users/phoebebrenne/Documents/ASTON/PROJET/PROJET3/DoItForMeBackEnd/src/services/authentication.service.ts","statementMap":{"0":{"start":{"line":2,"column":0},"end":{"line":2,"column":65}},"1":{"start":{"line":3,"column":0},"end":{"line":3,"column":63}},"2":{"start":{"line":4,"column":0},"end":{"line":4,"column":28}},"3":{"start":{"line":6,"column":30},"end":{"line":43,"column":2}},"4":{"start":{"line":7,"column":68},"end":{"line":42,"column":null}},"5":{"start":{"line":8,"column":4},"end":{"line":12,"column":null}},"6":{"start":{"line":9,"column":6},"end":{"line":9,"column":39}},"7":{"start":{"line":10,"column":11},"end":{"line":12,"column":null}},"8":{"start":{"line":11,"column":6},"end":{"line":11,"column":39}},"9":{"start":{"line":14,"column":23},"end":{"line":39,"column":8}},"10":{"start":{"line":20,"column":8},"end":{"line":22,"column":null}},"11":{"start":{"line":21,"column":10},"end":{"line":21,"column":33}},"12":{"start":{"line":24,"column":36},"end":{"line":24,"column":49}},"13":{"start":{"line":25,"column":30},"end":{"line":25,"column":73}},"14":{"start":{"line":27,"column":8},"end":{"line":29,"column":null}},"15":{"start":{"line":28,"column":12},"end":{"line":28,"column":41}},"16":{"start":{"line":31,"column":33},"end":{"line":31,"column":43}},"17":{"start":{"line":32,"column":24},"end":{"line":37,"column":10}},"18":{"start":{"line":38,"column":8},"end":{"line":38,"column":23}},"19":{"start":{"line":41,"column":4},"end":{"line":41,"column":22}},"20":{"start":{"line":45,"column":0},"end":{"line":45,"column":39}}},"fnMap":{"0":{"name":"(anonymous_8)","decl":{"start":{"line":7,"column":12},"end":{"line":7,"column":19}},"loc":{"start":{"line":7,"column":68},"end":{"line":42,"column":null}}},"1":{"name":"(anonymous_9)","decl":{"start":{"line":7,"column":68},"end":{"line":7,"column":null}},"loc":{"start":{"line":7,"column":68},"end":{"line":42,"column":3}}},"2":{"name":"(anonymous_10)","decl":{"start":{"line":19,"column":12},"end":{"line":19,"column":13}},"loc":{"start":{"line":19,"column":21},"end":{"line":39,"column":7}}}},"branchMap":{"0":{"loc":{"start":{"line":8,"column":4},"end":{"line":12,"column":null}},"type":"if","locations":[{"start":{"line":8,"column":4},"end":{"line":12,"column":null}},{"start":{"line":10,"column":11},"end":{"line":12,"column":null}}]},"1":{"loc":{"start":{"line":10,"column":11},"end":{"line":12,"column":null}},"type":"if","locations":[{"start":{"line":10,"column":11},"end":{"line":12,"column":null}}]},"2":{"loc":{"start":{"line":20,"column":8},"end":{"line":22,"column":null}},"type":"if","locations":[{"start":{"line":20,"column":8},"end":{"line":22,"column":null}}]},"3":{"loc":{"start":{"line":27,"column":8},"end":{"line":29,"column":null}},"type":"if","locations":[{"start":{"line":27,"column":8},"end":{"line":29,"column":null}}]}},"s":{"0":1,"1":1,"2":1,"3":1,"4":2,"5":2,"6":1,"7":1,"8":1,"9":0,"10":0,"11":0,"12":0,"13":0,"14":0,"15":0,"16":0,"17":0,"18":0,"19":0,"20":1},"f":{"0":2,"1":2,"2":0},"b":{"0":[1,1],"1":[1],"2":[0],"3":[0]}}
,"/Users/phoebebrenne/Documents/ASTON/PROJET/PROJET3/DoItForMeBackEnd/test/sum.js": {"path":"/Users/phoebebrenne/Documents/ASTON/PROJET/PROJET3/DoItForMeBackEnd/test/sum.js","statementMap":{"0":{"start":{"line":2,"column":2},"end":{"line":2,"column":15}},"1":{"start":{"line":4,"column":0},"end":{"line":4,"column":21}}},"fnMap":{"0":{"name":"sum","decl":{"start":{"line":1,"column":9},"end":{"line":1,"column":12}},"loc":{"start":{"line":1,"column":19},"end":{"line":3,"column":1}},"line":1}},"branchMap":{},"s":{"0":1,"1":1},"f":{"0":1},"b":{},"inputSourceMap":null,"_coverageSchema":"1a1c01bbd47fc00a2c39e90264f33305004495a9","hash":"8e390291d7c8250805f8deaa5ecd21519c1042fa"}
}
